0 info it worked if it ends with ok
1 verbose cli [ 'node', '/usr/bin/npm', 'update' ]
2 info using npm@2.1.14
3 info using node@v0.10.33
4 verbose node symlink /usr/bin/node
5 silly mapToRegistry name express
6 silly mapToRegistry using default registry
7 silly mapToRegistry registry https://registry.npmjs.org/
8 silly mapToRegistry uri https://registry.npmjs.org/express
9 silly mapToRegistry name express3-handlebars
10 silly mapToRegistry using default registry
11 silly mapToRegistry registry https://registry.npmjs.org/
12 silly mapToRegistry uri https://registry.npmjs.org/express3-handlebars
13 silly mapToRegistry name unirest
14 silly mapToRegistry using default registry
15 silly mapToRegistry registry https://registry.npmjs.org/
16 silly mapToRegistry uri https://registry.npmjs.org/unirest
17 silly mapToRegistry name blueimp-load-image
18 silly mapToRegistry using default registry
19 silly mapToRegistry registry https://registry.npmjs.org/
20 silly mapToRegistry uri https://registry.npmjs.org/blueimp-load-image
21 silly mapToRegistry name express-handlebars
22 silly mapToRegistry using default registry
23 silly mapToRegistry registry https://registry.npmjs.org/
24 silly mapToRegistry uri https://registry.npmjs.org/express-handlebars
25 silly mapToRegistry name grunt
26 silly mapToRegistry using default registry
27 silly mapToRegistry registry https://registry.npmjs.org/
28 silly mapToRegistry uri https://registry.npmjs.org/grunt
29 silly mapToRegistry name grunt-bower-install
30 silly mapToRegistry using default registry
31 silly mapToRegistry registry https://registry.npmjs.org/
32 silly mapToRegistry uri https://registry.npmjs.org/grunt-bower-install
33 silly mapToRegistry name grunt-concurrent
34 silly mapToRegistry using default registry
35 silly mapToRegistry registry https://registry.npmjs.org/
36 silly mapToRegistry uri https://registry.npmjs.org/grunt-concurrent
37 silly mapToRegistry name grunt-contrib-clean
38 silly mapToRegistry using default registry
39 silly mapToRegistry registry https://registry.npmjs.org/
40 silly mapToRegistry uri https://registry.npmjs.org/grunt-contrib-clean
41 silly mapToRegistry name grunt-contrib-concat
42 silly mapToRegistry using default registry
43 silly mapToRegistry registry https://registry.npmjs.org/
44 silly mapToRegistry uri https://registry.npmjs.org/grunt-contrib-concat
45 silly mapToRegistry name grunt-contrib-connect
46 silly mapToRegistry using default registry
47 silly mapToRegistry registry https://registry.npmjs.org/
48 silly mapToRegistry uri https://registry.npmjs.org/grunt-contrib-connect
49 silly mapToRegistry name grunt-contrib-copy
50 silly mapToRegistry using default registry
51 silly mapToRegistry registry https://registry.npmjs.org/
52 silly mapToRegistry uri https://registry.npmjs.org/grunt-contrib-copy
53 silly mapToRegistry name grunt-contrib-cssmin
54 silly mapToRegistry using default registry
55 silly mapToRegistry registry https://registry.npmjs.org/
56 silly mapToRegistry uri https://registry.npmjs.org/grunt-contrib-cssmin
57 silly mapToRegistry name grunt-contrib-htmlmin
58 silly mapToRegistry using default registry
59 silly mapToRegistry registry https://registry.npmjs.org/
60 silly mapToRegistry uri https://registry.npmjs.org/grunt-contrib-htmlmin
61 silly mapToRegistry name grunt-contrib-imagemin
62 silly mapToRegistry using default registry
63 silly mapToRegistry registry https://registry.npmjs.org/
64 silly mapToRegistry uri https://registry.npmjs.org/grunt-contrib-imagemin
65 silly mapToRegistry name grunt-contrib-jshint
66 silly mapToRegistry using default registry
67 silly mapToRegistry registry https://registry.npmjs.org/
68 silly mapToRegistry uri https://registry.npmjs.org/grunt-contrib-jshint
69 silly mapToRegistry name grunt-contrib-sass
70 silly mapToRegistry using default registry
71 silly mapToRegistry registry https://registry.npmjs.org/
72 silly mapToRegistry uri https://registry.npmjs.org/grunt-contrib-sass
73 silly mapToRegistry name grunt-contrib-uglify
74 silly mapToRegistry using default registry
75 silly mapToRegistry registry https://registry.npmjs.org/
76 silly mapToRegistry uri https://registry.npmjs.org/grunt-contrib-uglify
77 silly mapToRegistry name grunt-contrib-watch
78 silly mapToRegistry using default registry
79 silly mapToRegistry registry https://registry.npmjs.org/
80 silly mapToRegistry uri https://registry.npmjs.org/grunt-contrib-watch
81 silly mapToRegistry name grunt-express-server
82 silly mapToRegistry using default registry
83 silly mapToRegistry registry https://registry.npmjs.org/
84 silly mapToRegistry uri https://registry.npmjs.org/grunt-express-server
85 silly mapToRegistry name grunt-open
86 silly mapToRegistry using default registry
87 silly mapToRegistry registry https://registry.npmjs.org/
88 silly mapToRegistry uri https://registry.npmjs.org/grunt-open
89 silly mapToRegistry name grunt-rev
90 silly mapToRegistry using default registry
91 silly mapToRegistry registry https://registry.npmjs.org/
92 silly mapToRegistry uri https://registry.npmjs.org/grunt-rev
93 silly mapToRegistry name grunt-svgmin
94 silly mapToRegistry using default registry
95 silly mapToRegistry registry https://registry.npmjs.org/
96 silly mapToRegistry uri https://registry.npmjs.org/grunt-svgmin
97 silly mapToRegistry name grunt-uncss
98 silly mapToRegistry using default registry
99 silly mapToRegistry registry https://registry.npmjs.org/
100 silly mapToRegistry uri https://registry.npmjs.org/grunt-uncss
101 silly mapToRegistry name grunt-usemin
102 silly mapToRegistry using default registry
103 silly mapToRegistry registry https://registry.npmjs.org/
104 silly mapToRegistry uri https://registry.npmjs.org/grunt-usemin
105 silly mapToRegistry name load-grunt-tasks
106 silly mapToRegistry using default registry
107 silly mapToRegistry registry https://registry.npmjs.org/
108 silly mapToRegistry uri https://registry.npmjs.org/load-grunt-tasks
109 silly mapToRegistry name passport
110 silly mapToRegistry using default registry
111 silly mapToRegistry registry https://registry.npmjs.org/
112 silly mapToRegistry uri https://registry.npmjs.org/passport
113 silly mapToRegistry name passport-local
114 silly mapToRegistry using default registry
115 silly mapToRegistry registry https://registry.npmjs.org/
116 silly mapToRegistry uri https://registry.npmjs.org/passport-local
117 silly mapToRegistry name path
118 silly mapToRegistry using default registry
119 silly mapToRegistry registry https://registry.npmjs.org/
120 silly mapToRegistry uri https://registry.npmjs.org/path
121 silly mapToRegistry name time-grunt
122 silly mapToRegistry using default registry
123 silly mapToRegistry registry https://registry.npmjs.org/
124 silly mapToRegistry uri https://registry.npmjs.org/time-grunt
125 verbose request uri https://registry.npmjs.org/express3-handlebars
126 verbose request no auth needed
127 info attempt registry request try #1 at 17:46:34
128 verbose request id 162804163d5abb08
129 verbose etag "3T6BSTQT798W9AWYERDVKU6CX"
130 http request GET https://registry.npmjs.org/express3-handlebars
131 verbose request uri https://registry.npmjs.org/unirest
132 verbose request no auth needed
133 info attempt registry request try #1 at 17:46:34
134 verbose etag "7GZTIA3OABIUN5N9ECW8F5KYV"
135 http request GET https://registry.npmjs.org/unirest
136 verbose request uri https://registry.npmjs.org/blueimp-load-image
137 verbose request no auth needed
138 info attempt registry request try #1 at 17:46:34
139 verbose etag "8BJPESEJGZ05DJTIBZ2HS823A"
140 http request GET https://registry.npmjs.org/blueimp-load-image
141 verbose request uri https://registry.npmjs.org/express-handlebars
142 verbose request no auth needed
143 info attempt registry request try #1 at 17:46:34
144 verbose etag "2LDTCFVFUBK2MG326U11EY37B"
145 http request GET https://registry.npmjs.org/express-handlebars
146 verbose request uri https://registry.npmjs.org/grunt-bower-install
147 verbose request no auth needed
148 info attempt registry request try #1 at 17:46:34
149 verbose etag "6GTHYDUUTGXBGMBZX7467HWZS"
150 http request GET https://registry.npmjs.org/grunt-bower-install
151 verbose request uri https://registry.npmjs.org/grunt
152 verbose request no auth needed
153 info attempt registry request try #1 at 17:46:34
154 verbose etag "ESTXO1LSJJJRXE42OOVKZ0RP0"
155 http request GET https://registry.npmjs.org/grunt
156 verbose request uri https://registry.npmjs.org/grunt-concurrent
157 verbose request no auth needed
158 info attempt registry request try #1 at 17:46:34
159 verbose etag "1XDN1PSOJ4B2ISQ8WMUKVDIF6"
160 http request GET https://registry.npmjs.org/grunt-concurrent
161 verbose request uri https://registry.npmjs.org/express
162 verbose request no auth needed
163 info attempt registry request try #1 at 17:46:34
164 verbose etag "89JDVAJGY58WAAYMC4HKID5L0"
165 http request GET https://registry.npmjs.org/express
166 verbose request uri https://registry.npmjs.org/grunt-contrib-clean
167 verbose request no auth needed
168 info attempt registry request try #1 at 17:46:34
169 verbose etag "A8FU8IZ1WH6XT56U20QY24RO5"
170 http request GET https://registry.npmjs.org/grunt-contrib-clean
171 verbose request uri https://registry.npmjs.org/grunt-contrib-concat
172 verbose request no auth needed
173 info attempt registry request try #1 at 17:46:34
174 verbose etag "59TREHQ7WHWGJWOZRWFYZK8WR"
175 http request GET https://registry.npmjs.org/grunt-contrib-concat
176 verbose request uri https://registry.npmjs.org/grunt-contrib-connect
177 verbose request no auth needed
178 info attempt registry request try #1 at 17:46:34
179 verbose etag "31IF2SFUO7XAJ6K9GIS5TAS4G"
180 http request GET https://registry.npmjs.org/grunt-contrib-connect
181 verbose request uri https://registry.npmjs.org/grunt-contrib-copy
182 verbose request no auth needed
183 info attempt registry request try #1 at 17:46:34
184 verbose etag "BWRBJMFPNFZWEUY50OBAAPP64"
185 http request GET https://registry.npmjs.org/grunt-contrib-copy
186 verbose request uri https://registry.npmjs.org/grunt-contrib-cssmin
187 verbose request no auth needed
188 info attempt registry request try #1 at 17:46:34
189 verbose etag "3BA7H97V8PRJBYS3Y73CZMD0G"
190 http request GET https://registry.npmjs.org/grunt-contrib-cssmin
191 verbose request uri https://registry.npmjs.org/grunt-contrib-htmlmin
192 verbose request no auth needed
193 info attempt registry request try #1 at 17:46:34
194 verbose etag "DMZQWTL1M972298S0TU2ZLFAV"
195 http request GET https://registry.npmjs.org/grunt-contrib-htmlmin
196 verbose request uri https://registry.npmjs.org/grunt-contrib-imagemin
197 verbose request no auth needed
198 info attempt registry request try #1 at 17:46:34
199 verbose etag "B3DJ7QEFSMT2MS1120WDP9HL"
200 http request GET https://registry.npmjs.org/grunt-contrib-imagemin
201 verbose request uri https://registry.npmjs.org/grunt-contrib-jshint
202 verbose request no auth needed
203 info attempt registry request try #1 at 17:46:34
204 verbose etag "6NTXCBM4RC6NTDW2TNNL7QEWH"
205 http request GET https://registry.npmjs.org/grunt-contrib-jshint
206 verbose request uri https://registry.npmjs.org/grunt-contrib-sass
207 verbose request no auth needed
208 info attempt registry request try #1 at 17:46:34
209 verbose etag "ALQCYTTMN3K92LY2COYANNLW2"
210 http request GET https://registry.npmjs.org/grunt-contrib-sass
211 verbose request uri https://registry.npmjs.org/grunt-contrib-uglify
212 verbose request no auth needed
213 info attempt registry request try #1 at 17:46:34
214 verbose etag "D8O7D30YRSFGTTNY2JLFJOZBH"
215 http request GET https://registry.npmjs.org/grunt-contrib-uglify
216 verbose request uri https://registry.npmjs.org/grunt-contrib-watch
217 verbose request no auth needed
218 info attempt registry request try #1 at 17:46:34
219 verbose etag "4L84VAQ21V2NHGM6UPIRUW2A6"
220 http request GET https://registry.npmjs.org/grunt-contrib-watch
221 verbose request uri https://registry.npmjs.org/grunt-express-server
222 verbose request no auth needed
223 info attempt registry request try #1 at 17:46:34
224 verbose etag "65TAXPU45EE6CLGQ4TYGCHVE1"
225 http request GET https://registry.npmjs.org/grunt-express-server
226 verbose request uri https://registry.npmjs.org/grunt-open
227 verbose request no auth needed
228 info attempt registry request try #1 at 17:46:34
229 verbose etag "8WSJ5A1B9ENKDDYI1I9PL81UP"
230 http request GET https://registry.npmjs.org/grunt-open
231 verbose request uri https://registry.npmjs.org/grunt-rev
232 verbose request no auth needed
233 info attempt registry request try #1 at 17:46:34
234 verbose etag "546P8ARJVE1EGDC0GBA4V2MIH"
235 http request GET https://registry.npmjs.org/grunt-rev
236 verbose request uri https://registry.npmjs.org/grunt-svgmin
237 verbose request no auth needed
238 info attempt registry request try #1 at 17:46:34
239 verbose etag "8ULS8S2ACZ14NERXNOEY4XIUH"
240 http request GET https://registry.npmjs.org/grunt-svgmin
241 verbose request uri https://registry.npmjs.org/grunt-uncss
242 verbose request no auth needed
243 info attempt registry request try #1 at 17:46:34
244 verbose etag "AOU1AA8YPBU9EN3LF3QA64XD0"
245 http request GET https://registry.npmjs.org/grunt-uncss
246 verbose request uri https://registry.npmjs.org/grunt-usemin
247 verbose request no auth needed
248 info attempt registry request try #1 at 17:46:34
249 verbose etag "6V5RP9AIXBPOIAXA7PC70B2H4"
250 http request GET https://registry.npmjs.org/grunt-usemin
251 verbose request uri https://registry.npmjs.org/load-grunt-tasks
252 verbose request no auth needed
253 info attempt registry request try #1 at 17:46:34
254 verbose etag "276QNJQED2078ST8OVGR2MERI"
255 http request GET https://registry.npmjs.org/load-grunt-tasks
256 verbose request uri https://registry.npmjs.org/passport
257 verbose request no auth needed
258 info attempt registry request try #1 at 17:46:34
259 verbose etag "3TVH7VVI60MXKCYMUCJD13WIQ"
260 http request GET https://registry.npmjs.org/passport
261 verbose request uri https://registry.npmjs.org/passport-local
262 verbose request no auth needed
263 info attempt registry request try #1 at 17:46:34
264 verbose etag "5YB5QXKXKYDW10G34XCZZW2O3"
265 http request GET https://registry.npmjs.org/passport-local
266 verbose request uri https://registry.npmjs.org/path
267 verbose request no auth needed
268 info attempt registry request try #1 at 17:46:34
269 verbose etag "9MX3KUSEOLTUH3NBYESZX6025"
270 http request GET https://registry.npmjs.org/path
271 verbose request uri https://registry.npmjs.org/time-grunt
272 verbose request no auth needed
273 info attempt registry request try #1 at 17:46:34
274 verbose etag "4CCMUIHI7EVMVK6BAWWQYG4QZ"
275 http request GET https://registry.npmjs.org/time-grunt
276 http 304 https://registry.npmjs.org/express3-handlebars
277 silly get cb [ 304,
277 silly get   { date: 'Sun, 21 Dec 2014 16:46:34 GMT',
277 silly get     server: 'Apache',
277 silly get     via: '1.1 varnish',
277 silly get     'last-modified': 'Sun, 21 Dec 2014 16:46:34 GMT',
277 silly get     'cache-control': 'max-age=60',
277 silly get     etag: '"3T6BSTQT798W9AWYERDVKU6CX"',
277 silly get     age: '54',
277 silly get     'x-served-by': 'cache-ams4130-AMS',
277 silly get     'x-cache': 'HIT',
277 silly get     'x-cache-hits': '1',
277 silly get     'x-timer': 'S1419180394.074957,VS0,VE0',
277 silly get     vary: 'Accept',
277 silly get     'content-length': '0',
277 silly get     'keep-alive': 'timeout=10, max=50',
277 silly get     connection: 'Keep-Alive' } ]
278 verbose etag https://registry.npmjs.org/express3-handlebars from cache
279 http 304 https://registry.npmjs.org/express-handlebars
280 silly get cb [ 304,
280 silly get   { date: 'Sun, 21 Dec 2014 16:46:34 GMT',
280 silly get     server: 'Apache',
280 silly get     via: '1.1 varnish',
280 silly get     'last-modified': 'Sun, 21 Dec 2014 16:46:34 GMT',
280 silly get     'cache-control': 'max-age=60',
280 silly get     etag: '"2LDTCFVFUBK2MG326U11EY37B"',
280 silly get     age: '16',
280 silly get     'x-served-by': 'cache-fra1232-FRA',
280 silly get     'x-cache': 'HIT',
280 silly get     'x-cache-hits': '1',
280 silly get     'x-timer': 'S1419180394.112351,VS0,VE0',
280 silly get     vary: 'Accept',
280 silly get     'content-length': '0',
280 silly get     'keep-alive': 'timeout=10, max=50',
280 silly get     connection: 'Keep-Alive' } ]
281 verbose etag https://registry.npmjs.org/express-handlebars from cache
282 http 304 https://registry.npmjs.org/grunt-concurrent
283 silly get cb [ 304,
283 silly get   { date: 'Sun, 21 Dec 2014 16:46:34 GMT',
283 silly get     server: 'Apache',
283 silly get     via: '1.1 varnish',
283 silly get     'last-modified': 'Sun, 21 Dec 2014 16:46:34 GMT',
283 silly get     'cache-control': 'max-age=60',
283 silly get     etag: '"1XDN1PSOJ4B2ISQ8WMUKVDIF6"',
283 silly get     age: '50',
283 silly get     'x-served-by': 'cache-fra1232-FRA',
283 silly get     'x-cache': 'HIT',
283 silly get     'x-cache-hits': '1',
283 silly get     'x-timer': 'S1419180394.125048,VS0,VE0',
283 silly get     vary: 'Accept',
283 silly get     'content-length': '0',
283 silly get     'keep-alive': 'timeout=10, max=49',
283 silly get     connection: 'Keep-Alive' } ]
284 verbose etag https://registry.npmjs.org/grunt-concurrent from cache
285 silly mapToRegistry name glob
286 silly mapToRegistry using default registry
287 silly mapToRegistry registry https://registry.npmjs.org/
288 silly mapToRegistry uri https://registry.npmjs.org/glob
289 silly mapToRegistry name graceful-fs
290 silly mapToRegistry using default registry
291 silly mapToRegistry registry https://registry.npmjs.org/
292 silly mapToRegistry uri https://registry.npmjs.org/graceful-fs
293 silly mapToRegistry name handlebars
294 silly mapToRegistry using default registry
295 silly mapToRegistry registry https://registry.npmjs.org/
296 silly mapToRegistry uri https://registry.npmjs.org/handlebars
297 silly mapToRegistry name promise
298 silly mapToRegistry using default registry
299 silly mapToRegistry registry https://registry.npmjs.org/
300 silly mapToRegistry uri https://registry.npmjs.org/promise
301 silly mapToRegistry name semver
302 silly mapToRegistry using default registry
303 silly mapToRegistry registry https://registry.npmjs.org/
304 silly mapToRegistry uri https://registry.npmjs.org/semver
305 http 304 https://registry.npmjs.org/express
306 silly get cb [ 304,
306 silly get   { date: 'Sun, 21 Dec 2014 16:46:34 GMT',
306 silly get     server: 'Apache',
306 silly get     via: '1.1 varnish',
306 silly get     'last-modified': 'Sun, 21 Dec 2014 16:46:06 GMT',
306 silly get     'cache-control': 'max-age=60',
306 silly get     etag: '"89JDVAJGY58WAAYMC4HKID5L0"',
306 silly get     age: '28',
306 silly get     'x-served-by': 'cache-fra1232-FRA',
306 silly get     'x-cache': 'HIT',
306 silly get     'x-cache-hits': '2',
306 silly get     'x-timer': 'S1419180394.138073,VS0,VE0',
306 silly get     vary: 'Accept',
306 silly get     'content-length': '0',
306 silly get     'keep-alive': 'timeout=10, max=48',
306 silly get     connection: 'Keep-Alive' } ]
307 verbose etag https://registry.npmjs.org/express from cache
308 http 304 https://registry.npmjs.org/grunt-contrib-clean
309 silly get cb [ 304,
309 silly get   { date: 'Sun, 21 Dec 2014 16:46:34 GMT',
309 silly get     server: 'Apache',
309 silly get     via: '1.1 varnish',
309 silly get     'last-modified': 'Sun, 21 Dec 2014 16:46:34 GMT',
309 silly get     'cache-control': 'max-age=60',
309 silly get     etag: '"A8FU8IZ1WH6XT56U20QY24RO5"',
309 silly get     age: '28',
309 silly get     'x-served-by': 'cache-fra1232-FRA',
309 silly get     'x-cache': 'HIT',
309 silly get     'x-cache-hits': '1',
309 silly get     'x-timer': 'S1419180394.149048,VS0,VE0',
309 silly get     vary: 'Accept',
309 silly get     'content-length': '0',
309 silly get     'keep-alive': 'timeout=10, max=47',
309 silly get     connection: 'Keep-Alive' } ]
310 verbose etag https://registry.npmjs.org/grunt-contrib-clean from cache
311 verbose request uri https://registry.npmjs.org/glob
312 verbose request no auth needed
313 info attempt registry request try #1 at 17:46:34
314 verbose etag "D3WSLDXX0BQ3B9BH4DGV9I6UW"
315 http request GET https://registry.npmjs.org/glob
316 verbose request uri https://registry.npmjs.org/graceful-fs
317 verbose request no auth needed
318 info attempt registry request try #1 at 17:46:34
319 verbose etag "YI3CUA6DFZEU7F4JXVMK6K9"
320 http request GET https://registry.npmjs.org/graceful-fs
321 verbose request uri https://registry.npmjs.org/handlebars
322 verbose request no auth needed
323 info attempt registry request try #1 at 17:46:34
324 verbose etag "AJQPXX45KN64EMGISYUIVAQHQ"
325 http request GET https://registry.npmjs.org/handlebars
326 verbose request uri https://registry.npmjs.org/promise
327 verbose request no auth needed
328 info attempt registry request try #1 at 17:46:34
329 verbose etag "73OXYBUW7JTDQNRU04EJ1RO69"
330 http request GET https://registry.npmjs.org/promise
331 verbose request uri https://registry.npmjs.org/semver
332 verbose request no auth needed
333 info attempt registry request try #1 at 17:46:34
334 verbose etag "84I23FTDENAIZRW257IMUFE2S"
335 http request GET https://registry.npmjs.org/semver
336 http 304 https://registry.npmjs.org/grunt-contrib-concat
337 silly get cb [ 304,
337 silly get   { date: 'Sun, 21 Dec 2014 16:46:34 GMT',
337 silly get     server: 'Apache',
337 silly get     via: '1.1 varnish',
337 silly get     'last-modified': 'Sun, 21 Dec 2014 16:46:34 GMT',
337 silly get     'cache-control': 'max-age=60',
337 silly get     etag: '"59TREHQ7WHWGJWOZRWFYZK8WR"',
337 silly get     age: '29',
337 silly get     'x-served-by': 'cache-fra1232-FRA',
337 silly get     'x-cache': 'HIT',
337 silly get     'x-cache-hits': '1',
337 silly get     'x-timer': 'S1419180394.163466,VS0,VE0',
337 silly get     vary: 'Accept',
337 silly get     'content-length': '0',
337 silly get     'keep-alive': 'timeout=10, max=46',
337 silly get     connection: 'Keep-Alive' } ]
338 verbose etag https://registry.npmjs.org/grunt-contrib-concat from cache
339 http 304 https://registry.npmjs.org/grunt-contrib-connect
340 silly get cb [ 304,
340 silly get   { date: 'Sun, 21 Dec 2014 16:46:34 GMT',
340 silly get     server: 'Apache',
340 silly get     via: '1.1 varnish',
340 silly get     'last-modified': 'Sun, 21 Dec 2014 16:46:34 GMT',
340 silly get     'cache-control': 'max-age=60',
340 silly get     etag: '"31IF2SFUO7XAJ6K9GIS5TAS4G"',
340 silly get     age: '50',
340 silly get     'x-served-by': 'cache-fra1232-FRA',
340 silly get     'x-cache': 'HIT',
340 silly get     'x-cache-hits': '1',
340 silly get     'x-timer': 'S1419180394.174206,VS0,VE0',
340 silly get     vary: 'Accept',
340 silly get     'content-length': '0',
340 silly get     'keep-alive': 'timeout=10, max=45',
340 silly get     connection: 'Keep-Alive' } ]
341 verbose etag https://registry.npmjs.org/grunt-contrib-connect from cache
342 http 304 https://registry.npmjs.org/grunt-contrib-copy
343 silly get cb [ 304,
343 silly get   { date: 'Sun, 21 Dec 2014 16:46:34 GMT',
343 silly get     server: 'Apache',
343 silly get     via: '1.1 varnish',
343 silly get     'last-modified': 'Sun, 21 Dec 2014 16:46:34 GMT',
343 silly get     'cache-control': 'max-age=60',
343 silly get     etag: '"BWRBJMFPNFZWEUY50OBAAPP64"',
343 silly get     age: '29',
343 silly get     'x-served-by': 'cache-fra1232-FRA',
343 silly get     'x-cache': 'HIT',
343 silly get     'x-cache-hits': '1',
343 silly get     'x-timer': 'S1419180394.185776,VS0,VE0',
343 silly get     vary: 'Accept',
343 silly get     'content-length': '0',
343 silly get     'keep-alive': 'timeout=10, max=44',
343 silly get     connection: 'Keep-Alive' } ]
344 verbose etag https://registry.npmjs.org/grunt-contrib-copy from cache
345 http 304 https://registry.npmjs.org/grunt-contrib-cssmin
346 silly get cb [ 304,
346 silly get   { date: 'Sun, 21 Dec 2014 16:46:34 GMT',
346 silly get     server: 'Apache',
346 silly get     via: '1.1 varnish',
346 silly get     'last-modified': 'Sun, 21 Dec 2014 16:07:09 GMT',
346 silly get     'cache-control': 'max-age=60',
346 silly get     etag: '"3BA7H97V8PRJBYS3Y73CZMD0G"',
346 silly get     age: '18',
346 silly get     'x-served-by': 'cache-fra1232-FRA',
346 silly get     'x-cache': 'HIT',
346 silly get     'x-cache-hits': '93',
346 silly get     'x-timer': 'S1419180394.199050,VS0,VE0',
346 silly get     vary: 'Accept',
346 silly get     'content-length': '0',
346 silly get     'keep-alive': 'timeout=10, max=43',
346 silly get     connection: 'Keep-Alive' } ]
347 verbose etag https://registry.npmjs.org/grunt-contrib-cssmin from cache
348 http 304 https://registry.npmjs.org/grunt-contrib-htmlmin
349 silly get cb [ 304,
349 silly get   { date: 'Sun, 21 Dec 2014 16:46:34 GMT',
349 silly get     server: 'Apache',
349 silly get     via: '1.1 varnish',
349 silly get     'last-modified': 'Sun, 21 Dec 2014 16:46:34 GMT',
349 silly get     'cache-control': 'max-age=60',
349 silly get     etag: '"DMZQWTL1M972298S0TU2ZLFAV"',
349 silly get     age: '49',
349 silly get     'x-served-by': 'cache-fra1232-FRA',
349 silly get     'x-cache': 'HIT',
349 silly get     'x-cache-hits': '1',
349 silly get     'x-timer': 'S1419180394.209967,VS0,VE0',
349 silly get     vary: 'Accept',
349 silly get     'content-length': '0',
349 silly get     'keep-alive': 'timeout=10, max=42',
349 silly get     connection: 'Keep-Alive' } ]
350 verbose etag https://registry.npmjs.org/grunt-contrib-htmlmin from cache
351 http 304 https://registry.npmjs.org/grunt-contrib-imagemin
352 silly get cb [ 304,
352 silly get   { date: 'Sun, 21 Dec 2014 16:46:34 GMT',
352 silly get     server: 'Apache',
352 silly get     via: '1.1 varnish',
352 silly get     'last-modified': 'Sun, 21 Dec 2014 16:46:34 GMT',
352 silly get     'cache-control': 'max-age=60',
352 silly get     etag: '"B3DJ7QEFSMT2MS1120WDP9HL"',
352 silly get     age: '28',
352 silly get     'x-served-by': 'cache-fra1232-FRA',
352 silly get     'x-cache': 'HIT',
352 silly get     'x-cache-hits': '1',
352 silly get     'x-timer': 'S1419180394.220675,VS0,VE0',
352 silly get     vary: 'Accept',
352 silly get     'content-length': '0',
352 silly get     'keep-alive': 'timeout=10, max=41',
352 silly get     connection: 'Keep-Alive' } ]
353 verbose etag https://registry.npmjs.org/grunt-contrib-imagemin from cache
354 http 304 https://registry.npmjs.org/grunt-bower-install
355 silly get cb [ 304,
355 silly get   { date: 'Sun, 21 Dec 2014 16:46:34 GMT',
355 silly get     server: 'Apache',
355 silly get     via: '1.1 varnish',
355 silly get     'last-modified': 'Sun, 21 Dec 2014 16:46:34 GMT',
355 silly get     'cache-control': 'max-age=60',
355 silly get     etag: '"6GTHYDUUTGXBGMBZX7467HWZS"',
355 silly get     age: '0',
355 silly get     'x-served-by': 'cache-ams4142-AMS',
355 silly get     'x-cache': 'HIT',
355 silly get     'x-cache-hits': '1',
355 silly get     'x-timer': 'S1419180394.075681,VS0,VE162',
355 silly get     vary: 'Accept',
355 silly get     'content-length': '0',
355 silly get     'keep-alive': 'timeout=10, max=50',
355 silly get     connection: 'Keep-Alive' } ]
356 verbose etag https://registry.npmjs.org/grunt-bower-install from cache
357 silly mapToRegistry name wiredep
358 silly mapToRegistry using default registry
359 silly mapToRegistry registry https://registry.npmjs.org/
360 silly mapToRegistry uri https://registry.npmjs.org/wiredep
361 silly mapToRegistry name bower-config
362 silly mapToRegistry using default registry
363 silly mapToRegistry registry https://registry.npmjs.org/
364 silly mapToRegistry uri https://registry.npmjs.org/bower-config
365 verbose request uri https://registry.npmjs.org/bower-config
366 verbose request no auth needed
367 info attempt registry request try #1 at 17:46:34
368 verbose etag "96TJLQEMOAF9YMJNRRA5T966P"
369 http request GET https://registry.npmjs.org/bower-config
370 verbose request uri https://registry.npmjs.org/wiredep
371 verbose request no auth needed
372 info attempt registry request try #1 at 17:46:34
373 verbose etag "7GCA5XCB6ZW7530PD3LBUZ4WQ"
374 http request GET https://registry.npmjs.org/wiredep
375 http 304 https://registry.npmjs.org/blueimp-load-image
376 silly get cb [ 304,
376 silly get   { date: 'Sun, 21 Dec 2014 16:46:34 GMT',
376 silly get     server: 'Apache',
376 silly get     via: '1.1 varnish',
376 silly get     'last-modified': 'Sun, 21 Dec 2014 16:46:34 GMT',
376 silly get     'cache-control': 'max-age=60',
376 silly get     etag: '"8BJPESEJGZ05DJTIBZ2HS823A"',
376 silly get     age: '0',
376 silly get     'x-served-by': 'cache-ams4129-AMS',
376 silly get     'x-cache': 'HIT',
376 silly get     'x-cache-hits': '1',
376 silly get     'x-timer': 'S1419180394.076663,VS0,VE383',
376 silly get     vary: 'Accept',
376 silly get     'content-length': '0',
376 silly get     'keep-alive': 'timeout=10, max=50',
376 silly get     connection: 'Keep-Alive' } ]
377 verbose etag https://registry.npmjs.org/blueimp-load-image from cache
378 http 304 https://registry.npmjs.org/grunt
379 silly get cb [ 304,
379 silly get   { date: 'Sun, 21 Dec 2014 16:46:34 GMT',
379 silly get     server: 'Apache',
379 silly get     via: '1.1 varnish',
379 silly get     'last-modified': 'Sun, 21 Dec 2014 16:46:34 GMT',
379 silly get     'cache-control': 'max-age=60',
379 silly get     etag: '"ESTXO1LSJJJRXE42OOVKZ0RP0"',
379 silly get     age: '0',
379 silly get     'x-served-by': 'cache-ams4130-AMS',
379 silly get     'x-cache': 'HIT',
379 silly get     'x-cache-hits': '1',
379 silly get     'x-timer': 'S1419180394.083944,VS0,VE380',
379 silly get     vary: 'Accept',
379 silly get     'content-length': '0',
379 silly get     'keep-alive': 'timeout=10, max=49',
379 silly get     connection: 'Keep-Alive' } ]
380 verbose etag https://registry.npmjs.org/grunt from cache
381 silly mapToRegistry name async
382 silly mapToRegistry using default registry
383 silly mapToRegistry registry https://registry.npmjs.org/
384 silly mapToRegistry uri https://registry.npmjs.org/async
385 silly mapToRegistry name coffee-script
386 silly mapToRegistry using default registry
387 silly mapToRegistry registry https://registry.npmjs.org/
388 silly mapToRegistry uri https://registry.npmjs.org/coffee-script
389 silly mapToRegistry name colors
390 silly mapToRegistry using default registry
391 silly mapToRegistry registry https://registry.npmjs.org/
392 silly mapToRegistry uri https://registry.npmjs.org/colors
393 silly mapToRegistry name dateformat
394 silly mapToRegistry using default registry
395 silly mapToRegistry registry https://registry.npmjs.org/
396 silly mapToRegistry uri https://registry.npmjs.org/dateformat
397 silly mapToRegistry name eventemitter2
398 silly mapToRegistry using default registry
399 silly mapToRegistry registry https://registry.npmjs.org/
400 silly mapToRegistry uri https://registry.npmjs.org/eventemitter2
401 silly mapToRegistry name findup-sync
402 silly mapToRegistry using default registry
403 silly mapToRegistry registry https://registry.npmjs.org/
404 silly mapToRegistry uri https://registry.npmjs.org/findup-sync
405 silly mapToRegistry name glob
406 silly mapToRegistry using default registry
407 silly mapToRegistry registry https://registry.npmjs.org/
408 silly mapToRegistry uri https://registry.npmjs.org/glob
409 silly mapToRegistry name hooker
410 silly mapToRegistry using default registry
411 silly mapToRegistry registry https://registry.npmjs.org/
412 silly mapToRegistry uri https://registry.npmjs.org/hooker
413 silly mapToRegistry name iconv-lite
414 silly mapToRegistry using default registry
415 silly mapToRegistry registry https://registry.npmjs.org/
416 silly mapToRegistry uri https://registry.npmjs.org/iconv-lite
417 silly mapToRegistry name minimatch
418 silly mapToRegistry using default registry
419 silly mapToRegistry registry https://registry.npmjs.org/
420 silly mapToRegistry uri https://registry.npmjs.org/minimatch
421 silly mapToRegistry name nopt
422 silly mapToRegistry using default registry
423 silly mapToRegistry registry https://registry.npmjs.org/
424 silly mapToRegistry uri https://registry.npmjs.org/nopt
425 silly mapToRegistry name rimraf
426 silly mapToRegistry using default registry
427 silly mapToRegistry registry https://registry.npmjs.org/
428 silly mapToRegistry uri https://registry.npmjs.org/rimraf
429 silly mapToRegistry name lodash
430 silly mapToRegistry using default registry
431 silly mapToRegistry registry https://registry.npmjs.org/
432 silly mapToRegistry uri https://registry.npmjs.org/lodash
433 silly mapToRegistry name underscore.string
434 silly mapToRegistry using default registry
435 silly mapToRegistry registry https://registry.npmjs.org/
436 silly mapToRegistry uri https://registry.npmjs.org/underscore.string
437 silly mapToRegistry name which
438 silly mapToRegistry using default registry
439 silly mapToRegistry registry https://registry.npmjs.org/
440 silly mapToRegistry uri https://registry.npmjs.org/which
441 silly mapToRegistry name js-yaml
442 silly mapToRegistry using default registry
443 silly mapToRegistry registry https://registry.npmjs.org/
444 silly mapToRegistry uri https://registry.npmjs.org/js-yaml
445 silly mapToRegistry name exit
446 silly mapToRegistry using default registry
447 silly mapToRegistry registry https://registry.npmjs.org/
448 silly mapToRegistry uri https://registry.npmjs.org/exit
449 silly mapToRegistry name getobject
450 silly mapToRegistry using default registry
451 silly mapToRegistry registry https://registry.npmjs.org/
452 silly mapToRegistry uri https://registry.npmjs.org/getobject
453 silly mapToRegistry name grunt-legacy-util
454 silly mapToRegistry using default registry
455 silly mapToRegistry registry https://registry.npmjs.org/
456 silly mapToRegistry uri https://registry.npmjs.org/grunt-legacy-util
457 silly mapToRegistry name grunt-legacy-log
458 silly mapToRegistry using default registry
459 silly mapToRegistry registry https://registry.npmjs.org/
460 silly mapToRegistry uri https://registry.npmjs.org/grunt-legacy-log
461 verbose request uri https://registry.npmjs.org/async
462 verbose request no auth needed
463 info attempt registry request try #1 at 17:46:34
464 verbose etag "DZHJHZ4QLNQ9LLGCA95RSTN4B"
465 http request GET https://registry.npmjs.org/async
466 verbose request uri https://registry.npmjs.org/colors
467 verbose request no auth needed
468 info attempt registry request try #1 at 17:46:34
469 verbose etag "8XJ0ABTCGLXIQU26PRPXENTL4"
470 http request GET https://registry.npmjs.org/colors
471 verbose request uri https://registry.npmjs.org/coffee-script
472 verbose request no auth needed
473 info attempt registry request try #1 at 17:46:34
474 verbose etag "86FTQTDSZEBY3SWQI4LO60PM5"
475 http request GET https://registry.npmjs.org/coffee-script
476 verbose request uri https://registry.npmjs.org/dateformat
477 verbose request no auth needed
478 info attempt registry request try #1 at 17:46:34
479 verbose etag "4W5PET3V1AFWTWJ4IFDG6OJ7K"
480 http request GET https://registry.npmjs.org/dateformat
481 verbose request uri https://registry.npmjs.org/eventemitter2
482 verbose request no auth needed
483 info attempt registry request try #1 at 17:46:34
484 verbose etag "1SG1DZMNJJ8P6PZZO3XOJ2H04"
485 http request GET https://registry.npmjs.org/eventemitter2
486 verbose request uri https://registry.npmjs.org/findup-sync
487 verbose request no auth needed
488 info attempt registry request try #1 at 17:46:34
489 verbose etag "7SK3XHMSZ021VY44AENWM85O8"
490 http request GET https://registry.npmjs.org/findup-sync
491 verbose request uri https://registry.npmjs.org/glob
492 verbose request no auth needed
493 info attempt registry request try #1 at 17:46:34
494 verbose etag "D3WSLDXX0BQ3B9BH4DGV9I6UW"
495 http request GET https://registry.npmjs.org/glob
496 verbose request uri https://registry.npmjs.org/hooker
497 verbose request no auth needed
498 info attempt registry request try #1 at 17:46:34
499 verbose etag "3W6Z69KPD2QT28LPKI5AT8P77"
500 http request GET https://registry.npmjs.org/hooker
501 verbose request uri https://registry.npmjs.org/iconv-lite
502 verbose request no auth needed
503 info attempt registry request try #1 at 17:46:34
504 verbose etag "F4WIQGQ6FXOGTS7WQ8KATULY2"
505 http request GET https://registry.npmjs.org/iconv-lite
506 verbose request uri https://registry.npmjs.org/minimatch
507 verbose request no auth needed
508 info attempt registry request try #1 at 17:46:34
509 verbose etag "6RAFQUO1Q3A7GTG25N34H7NUT"
510 http request GET https://registry.npmjs.org/minimatch
511 verbose request uri https://registry.npmjs.org/nopt
512 verbose request no auth needed
513 info attempt registry request try #1 at 17:46:34
514 verbose etag "B20W015WQ64MD9RMZ26WNZAZC"
515 http request GET https://registry.npmjs.org/nopt
516 verbose request uri https://registry.npmjs.org/rimraf
517 verbose request no auth needed
518 info attempt registry request try #1 at 17:46:34
519 verbose etag "3V0ZPF2UAUIGZDS50UPHLXWYX"
520 http request GET https://registry.npmjs.org/rimraf
521 verbose request uri https://registry.npmjs.org/lodash
522 verbose request no auth needed
523 info attempt registry request try #1 at 17:46:34
524 verbose etag "80NP87EBJLOP1QRIVM3AO5GQ0"
525 http request GET https://registry.npmjs.org/lodash
526 verbose request uri https://registry.npmjs.org/underscore.string
527 verbose request no auth needed
528 info attempt registry request try #1 at 17:46:34
529 verbose etag "7EANIHS0TN9L7RYMR2Z0B7WPT"
530 http request GET https://registry.npmjs.org/underscore.string
531 verbose request uri https://registry.npmjs.org/which
532 verbose request no auth needed
533 info attempt registry request try #1 at 17:46:34
534 verbose etag "RJQZ97MCQX5ZZZM32UO7A7A6"
535 http request GET https://registry.npmjs.org/which
536 verbose request uri https://registry.npmjs.org/js-yaml
537 verbose request no auth needed
538 info attempt registry request try #1 at 17:46:34
539 verbose etag "5HW0BE6HDL8QF4SH3RX8O0QQN"
540 http request GET https://registry.npmjs.org/js-yaml
541 verbose request uri https://registry.npmjs.org/exit
542 verbose request no auth needed
543 info attempt registry request try #1 at 17:46:34
544 verbose etag "DMKDYCOBH6SFK4321NJNUCXMA"
545 http request GET https://registry.npmjs.org/exit
546 verbose request uri https://registry.npmjs.org/getobject
547 verbose request no auth needed
548 info attempt registry request try #1 at 17:46:34
549 verbose etag "F4KDP5XGXSBRPGUSRK9CP4JAK"
550 http request GET https://registry.npmjs.org/getobject
551 verbose request uri https://registry.npmjs.org/grunt-legacy-util
552 verbose request no auth needed
553 info attempt registry request try #1 at 17:46:34
554 verbose etag "B4G0OANO1YWOGH5DLHYNALRC0"
555 http request GET https://registry.npmjs.org/grunt-legacy-util
556 verbose request uri https://registry.npmjs.org/grunt-legacy-log
557 verbose request no auth needed
558 info attempt registry request try #1 at 17:46:34
559 verbose etag "6U7GI7BJJ1EYSHH7W05BEUXM7"
560 http request GET https://registry.npmjs.org/grunt-legacy-log
561 http 304 https://registry.npmjs.org/grunt-contrib-sass
562 silly get cb [ 304,
562 silly get   { date: 'Sun, 21 Dec 2014 16:46:34 GMT',
562 silly get     server: 'Apache',
562 silly get     via: '1.1 varnish',
562 silly get     'last-modified': 'Sun, 21 Dec 2014 16:46:34 GMT',
562 silly get     'cache-control': 'max-age=60',
562 silly get     etag: '"ALQCYTTMN3K92LY2COYANNLW2"',
562 silly get     age: '0',
562 silly get     'x-served-by': 'cache-ams4142-AMS',
562 silly get     'x-cache': 'HIT',
562 silly get     'x-cache-hits': '1',
562 silly get     'x-timer': 'S1419180394.242101,VS0,VE377',
562 silly get     vary: 'Accept',
562 silly get     'content-length': '0',
562 silly get     'keep-alive': 'timeout=10, max=49',
562 silly get     connection: 'Keep-Alive' } ]
563 verbose etag https://registry.npmjs.org/grunt-contrib-sass from cache
564 http 304 https://registry.npmjs.org/grunt-contrib-jshint
565 silly get cb [ 304,
565 silly get   { date: 'Sun, 21 Dec 2014 16:46:34 GMT',
565 silly get     server: 'Apache',
565 silly get     via: '1.1 varnish',
565 silly get     'last-modified': 'Sun, 21 Dec 2014 16:46:34 GMT',
565 silly get     'cache-control': 'max-age=60',
565 silly get     etag: '"6NTXCBM4RC6NTDW2TNNL7QEWH"',
565 silly get     age: '0',
565 silly get     'x-served-by': 'cache-fra1232-FRA',
565 silly get     'x-cache': 'HIT',
565 silly get     'x-cache-hits': '1',
565 silly get     'x-timer': 'S1419180394.232674,VS0,VE413',
565 silly get     vary: 'Accept',
565 silly get     'content-length': '0',
565 silly get     'keep-alive': 'timeout=10, max=40',
565 silly get     connection: 'Keep-Alive' } ]
566 verbose etag https://registry.npmjs.org/grunt-contrib-jshint from cache
567 http 304 https://registry.npmjs.org/grunt-open
568 silly get cb [ 304,
568 silly get   { date: 'Sun, 21 Dec 2014 16:46:34 GMT',
568 silly get     server: 'Apache',
568 silly get     via: '1.1 varnish',
568 silly get     'last-modified': 'Sun, 21 Dec 2014 16:46:34 GMT',
568 silly get     'cache-control': 'max-age=60',
568 silly get     etag: '"8WSJ5A1B9ENKDDYI1I9PL81UP"',
568 silly get     age: '28',
568 silly get     'x-served-by': 'cache-fra1232-FRA',
568 silly get     'x-cache': 'HIT',
568 silly get     'x-cache-hits': '1',
568 silly get     'x-timer': 'S1419180394.656934,VS0,VE0',
568 silly get     vary: 'Accept',
568 silly get     'content-length': '0',
568 silly get     'keep-alive': 'timeout=10, max=39',
568 silly get     connection: 'Keep-Alive' } ]
569 verbose etag https://registry.npmjs.org/grunt-open from cache
570 silly mapToRegistry name open
571 silly mapToRegistry using default registry
572 silly mapToRegistry registry https://registry.npmjs.org/
573 silly mapToRegistry uri https://registry.npmjs.org/open
574 verbose request uri https://registry.npmjs.org/open
575 verbose request no auth needed
576 info attempt registry request try #1 at 17:46:34
577 verbose etag "ER2038ZCNLSDH0CO4EG25AK37"
578 http request GET https://registry.npmjs.org/open
579 http 304 https://registry.npmjs.org/grunt-rev
580 silly get cb [ 304,
580 silly get   { date: 'Sun, 21 Dec 2014 16:46:34 GMT',
580 silly get     server: 'Apache',
580 silly get     via: '1.1 varnish',
580 silly get     'last-modified': 'Sun, 21 Dec 2014 16:46:06 GMT',
580 silly get     'cache-control': 'max-age=60',
580 silly get     etag: '"546P8ARJVE1EGDC0GBA4V2MIH"',
580 silly get     age: '28',
580 silly get     'x-served-by': 'cache-fra1232-FRA',
580 silly get     'x-cache': 'HIT',
580 silly get     'x-cache-hits': '2',
580 silly get     'x-timer': 'S1419180394.670399,VS0,VE0',
580 silly get     vary: 'Accept',
580 silly get     'content-length': '0',
580 silly get     'keep-alive': 'timeout=10, max=38',
580 silly get     connection: 'Keep-Alive' } ]
581 verbose etag https://registry.npmjs.org/grunt-rev from cache
582 http 304 https://registry.npmjs.org/grunt-express-server
583 silly get cb [ 304,
583 silly get   { date: 'Sun, 21 Dec 2014 16:46:34 GMT',
583 silly get     server: 'Apache',
583 silly get     via: '1.1 varnish',
583 silly get     'last-modified': 'Sun, 21 Dec 2014 16:46:34 GMT',
583 silly get     'cache-control': 'max-age=60',
583 silly get     etag: '"65TAXPU45EE6CLGQ4TYGCHVE1"',
583 silly get     age: '0',
583 silly get     'x-served-by': 'cache-ams4142-AMS',
583 silly get     'x-cache': 'HIT',
583 silly get     'x-cache-hits': '1',
583 silly get     'x-timer': 'S1419180394.624622,VS0,VE88',
583 silly get     vary: 'Accept',
583 silly get     'content-length': '0',
583 silly get     'keep-alive': 'timeout=10, max=48',
583 silly get     connection: 'Keep-Alive' } ]
584 verbose etag https://registry.npmjs.org/grunt-express-server from cache
585 http 304 https://registry.npmjs.org/grunt-svgmin
586 silly get cb [ 304,
586 silly get   { date: 'Sun, 21 Dec 2014 16:46:34 GMT',
586 silly get     server: 'Apache',
586 silly get     via: '1.1 varnish',
586 silly get     'last-modified': 'Sun, 21 Dec 2014 16:46:34 GMT',
586 silly get     'cache-control': 'max-age=60',
586 silly get     etag: '"8ULS8S2ACZ14NERXNOEY4XIUH"',
586 silly get     age: '0',
586 silly get     'x-served-by': 'cache-fra1232-FRA',
586 silly get     'x-cache': 'HIT',
586 silly get     'x-cache-hits': '1',
586 silly get     'x-timer': 'S1419180394.680600,VS0,VE105',
586 silly get     vary: 'Accept',
586 silly get     'content-length': '0',
586 silly get     'keep-alive': 'timeout=10, max=37',
586 silly get     connection: 'Keep-Alive' } ]
587 verbose etag https://registry.npmjs.org/grunt-svgmin from cache
588 http 304 https://registry.npmjs.org/grunt-contrib-watch
589 silly get cb [ 304,
589 silly get   { date: 'Sun, 21 Dec 2014 16:46:34 GMT',
589 silly get     server: 'Apache',
589 silly get     via: '1.1 varnish',
589 silly get     'last-modified': 'Sun, 21 Dec 2014 16:46:35 GMT',
589 silly get     'cache-control': 'max-age=60',
589 silly get     etag: '"4L84VAQ21V2NHGM6UPIRUW2A6"',
589 silly get     age: '0',
589 silly get     'x-served-by': 'cache-ams4130-AMS',
589 silly get     'x-cache': 'HIT',
589 silly get     'x-cache-hits': '1',
589 silly get     'x-timer': 'S1419180394.471621,VS0,VE635',
589 silly get     vary: 'Accept',
589 silly get     'content-length': '0',
589 silly get     'keep-alive': 'timeout=10, max=48',
589 silly get     connection: 'Keep-Alive' } ]
590 verbose etag https://registry.npmjs.org/grunt-contrib-watch from cache
591 http 304 https://registry.npmjs.org/unirest
592 silly get cb [ 304,
592 silly get   { date: 'Sun, 21 Dec 2014 16:46:34 GMT',
592 silly get     server: 'Apache',
592 silly get     via: '1.1 varnish',
592 silly get     'last-modified': 'Sun, 21 Dec 2014 16:46:35 GMT',
592 silly get     'cache-control': 'max-age=60',
592 silly get     etag: '"7GZTIA3OABIUN5N9ECW8F5KYV"',
592 silly get     age: '0',
592 silly get     'x-served-by': 'cache-fra1236-FRA',
592 silly get     'x-cache': 'MISS',
592 silly get     'x-cache-hits': '0',
592 silly get     'x-timer': 'S1419180394.114872,VS0,VE1031',
592 silly get     vary: 'Accept',
592 silly get     'content-length': '0',
592 silly get     'keep-alive': 'timeout=10, max=50',
592 silly get     connection: 'Keep-Alive' } ]
593 verbose etag https://registry.npmjs.org/unirest from cache
594 http 304 https://registry.npmjs.org/grunt-contrib-uglify
595 silly get cb [ 304,
595 silly get   { date: 'Sun, 21 Dec 2014 16:46:34 GMT',
595 silly get     server: 'Apache',
595 silly get     via: '1.1 varnish',
595 silly get     'last-modified': 'Sun, 21 Dec 2014 16:46:35 GMT',
595 silly get     'cache-control': 'max-age=60',
595 silly get     etag: '"D8O7D30YRSFGTTNY2JLFJOZBH"',
595 silly get     age: '0',
595 silly get     'x-served-by': 'cache-ams4129-AMS',
595 silly get     'x-cache': 'HIT',
595 silly get     'x-cache-hits': '1',
595 silly get     'x-timer': 'S1419180394.465416,VS0,VE694',
595 silly get     vary: 'Accept',
595 silly get     'content-length': '0',
595 silly get     'keep-alive': 'timeout=10, max=49',
595 silly get     connection: 'Keep-Alive' } ]
596 verbose etag https://registry.npmjs.org/grunt-contrib-uglify from cache
597 http 304 https://registry.npmjs.org/grunt-usemin
598 silly get cb [ 304,
598 silly get   { date: 'Sun, 21 Dec 2014 16:46:34 GMT',
598 silly get     server: 'Apache',
598 silly get     via: '1.1 varnish',
598 silly get     'last-modified': 'Sun, 21 Dec 2014 16:46:35 GMT',
598 silly get     'cache-control': 'max-age=60',
598 silly get     etag: '"6V5RP9AIXBPOIAXA7PC70B2H4"',
598 silly get     age: '0',
598 silly get     'x-served-by': 'cache-fra1232-FRA',
598 silly get     'x-cache': 'HIT',
598 silly get     'x-cache-hits': '1',
598 silly get     'x-timer': 'S1419180394.797410,VS0,VE425',
598 silly get     vary: 'Accept',
598 silly get     'content-length': '0',
598 silly get     'keep-alive': 'timeout=10, max=36',
598 silly get     connection: 'Keep-Alive' } ]
599 verbose etag https://registry.npmjs.org/grunt-usemin from cache
600 http 304 https://registry.npmjs.org/path
601 silly get cb [ 304,
601 silly get   { date: 'Sun, 21 Dec 2014 16:46:35 GMT',
601 silly get     server: 'Apache',
601 silly get     via: '1.1 varnish',
601 silly get     'last-modified': 'Sun, 21 Dec 2014 16:46:35 GMT',
601 silly get     'cache-control': 'max-age=60',
601 silly get     etag: '"9MX3KUSEOLTUH3NBYESZX6025"',
601 silly get     age: '9',
601 silly get     'x-served-by': 'cache-fra1232-FRA',
601 silly get     'x-cache': 'HIT',
601 silly get     'x-cache-hits': '1',
601 silly get     'x-timer': 'S1419180395.236616,VS0,VE1',
601 silly get     vary: 'Accept',
601 silly get     'content-length': '0',
601 silly get     'keep-alive': 'timeout=10, max=35',
601 silly get     connection: 'Keep-Alive' } ]
602 verbose etag https://registry.npmjs.org/path from cache
603 http 304 https://registry.npmjs.org/time-grunt
604 silly get cb [ 304,
604 silly get   { date: 'Sun, 21 Dec 2014 16:46:35 GMT',
604 silly get     server: 'Apache',
604 silly get     via: '1.1 varnish',
604 silly get     'last-modified': 'Sun, 21 Dec 2014 16:46:35 GMT',
604 silly get     'cache-control': 'max-age=60',
604 silly get     etag: '"4CCMUIHI7EVMVK6BAWWQYG4QZ"',
604 silly get     age: '51',
604 silly get     'x-served-by': 'cache-fra1232-FRA',
604 silly get     'x-cache': 'HIT',
604 silly get     'x-cache-hits': '1',
604 silly get     'x-timer': 'S1419180395.248586,VS0,VE0',
604 silly get     vary: 'Accept',
604 silly get     'content-length': '0',
604 silly get     'keep-alive': 'timeout=10, max=34',
604 silly get     connection: 'Keep-Alive' } ]
605 verbose etag https://registry.npmjs.org/time-grunt from cache
606 http 304 https://registry.npmjs.org/glob
607 silly get cb [ 304,
607 silly get   { date: 'Sun, 21 Dec 2014 16:46:35 GMT',
607 silly get     server: 'Apache',
607 silly get     via: '1.1 varnish',
607 silly get     'last-modified': 'Sun, 21 Dec 2014 16:46:08 GMT',
607 silly get     'cache-control': 'max-age=60',
607 silly get     etag: '"D3WSLDXX0BQ3B9BH4DGV9I6UW"',
607 silly get     age: '40',
607 silly get     'x-served-by': 'cache-fra1232-FRA',
607 silly get     'x-cache': 'HIT',
607 silly get     'x-cache-hits': '2',
607 silly get     'x-timer': 'S1419180395.260218,VS0,VE0',
607 silly get     vary: 'Accept',
607 silly get     'content-length': '0',
607 silly get     'keep-alive': 'timeout=10, max=33',
607 silly get     connection: 'Keep-Alive' } ]
608 verbose etag https://registry.npmjs.org/glob from cache
609 http 304 https://registry.npmjs.org/graceful-fs
610 silly get cb [ 304,
610 silly get   { date: 'Sun, 21 Dec 2014 16:46:35 GMT',
610 silly get     server: 'Apache',
610 silly get     via: '1.1 varnish',
610 silly get     'last-modified': 'Sun, 21 Dec 2014 16:46:35 GMT',
610 silly get     'cache-control': 'max-age=60',
610 silly get     etag: '"YI3CUA6DFZEU7F4JXVMK6K9"',
610 silly get     age: '33',
610 silly get     'x-served-by': 'cache-fra1232-FRA',
610 silly get     'x-cache': 'HIT',
610 silly get     'x-cache-hits': '1',
610 silly get     'x-timer': 'S1419180395.270683,VS0,VE0',
610 silly get     vary: 'Accept',
610 silly get     'content-length': '0',
610 silly get     'keep-alive': 'timeout=10, max=32',
610 silly get     connection: 'Keep-Alive' } ]
611 verbose etag https://registry.npmjs.org/graceful-fs from cache
612 http 304 https://registry.npmjs.org/passport-local
613 silly get cb [ 304,
613 silly get   { date: 'Sun, 21 Dec 2014 16:46:35 GMT',
613 silly get     server: 'Apache',
613 silly get     via: '1.1 varnish',
613 silly get     'last-modified': 'Sun, 21 Dec 2014 16:46:35 GMT',
613 silly get     'cache-control': 'max-age=60',
613 silly get     etag: '"5YB5QXKXKYDW10G34XCZZW2O3"',
613 silly get     age: '0',
613 silly get     'x-served-by': 'cache-ams4129-AMS',
613 silly get     'x-cache': 'HIT',
613 silly get     'x-cache-hits': '1',
613 silly get     'x-timer': 'S1419180395.162754,VS0,VE159',
613 silly get     vary: 'Accept',
613 silly get     'content-length': '0',
613 silly get     'keep-alive': 'timeout=10, max=48',
613 silly get     connection: 'Keep-Alive' } ]
614 verbose etag https://registry.npmjs.org/passport-local from cache
615 http 304 https://registry.npmjs.org/promise
616 silly get cb [ 304,
616 silly get   { date: 'Sun, 21 Dec 2014 16:46:35 GMT',
616 silly get     server: 'Apache',
616 silly get     via: '1.1 varnish',
616 silly get     'last-modified': 'Sun, 21 Dec 2014 16:46:35 GMT',
616 silly get     'cache-control': 'max-age=60',
616 silly get     etag: '"73OXYBUW7JTDQNRU04EJ1RO69"',
616 silly get     age: '18',
616 silly get     'x-served-by': 'cache-ams4129-AMS',
616 silly get     'x-cache': 'HIT',
616 silly get     'x-cache-hits': '1',
616 silly get     'x-timer': 'S1419180395.326465,VS0,VE0',
616 silly get     vary: 'Accept',
616 silly get     'content-length': '0',
616 silly get     'keep-alive': 'timeout=10, max=47',
616 silly get     connection: 'Keep-Alive' } ]
617 verbose etag https://registry.npmjs.org/promise from cache
618 http 304 https://registry.npmjs.org/semver
619 silly get cb [ 304,
619 silly get   { date: 'Sun, 21 Dec 2014 16:46:35 GMT',
619 silly get     server: 'Apache',
619 silly get     via: '1.1 varnish',
619 silly get     'last-modified': 'Sun, 21 Dec 2014 16:46:33 GMT',
619 silly get     'cache-control': 'max-age=60',
619 silly get     etag: '"84I23FTDENAIZRW257IMUFE2S"',
619 silly get     age: '52',
619 silly get     'x-served-by': 'cache-ams4129-AMS',
619 silly get     'x-cache': 'HIT',
619 silly get     'x-cache-hits': '2',
619 silly get     'x-timer': 'S1419180395.334144,VS0,VE0',
619 silly get     vary: 'Accept',
619 silly get     'content-length': '0',
619 silly get     'keep-alive': 'timeout=10, max=46',
619 silly get     connection: 'Keep-Alive' } ]
620 verbose etag https://registry.npmjs.org/semver from cache
621 http 304 https://registry.npmjs.org/bower-config
622 silly get cb [ 304,
622 silly get   { date: 'Sun, 21 Dec 2014 16:46:35 GMT',
622 silly get     server: 'Apache',
622 silly get     via: '1.1 varnish',
622 silly get     'last-modified': 'Sun, 21 Dec 2014 16:46:35 GMT',
622 silly get     'cache-control': 'max-age=60',
622 silly get     etag: '"96TJLQEMOAF9YMJNRRA5T966P"',
622 silly get     age: '28',
622 silly get     'x-served-by': 'cache-ams4129-AMS',
622 silly get     'x-cache': 'HIT',
622 silly get     'x-cache-hits': '1',
622 silly get     'x-timer': 'S1419180395.338358,VS0,VE0',
622 silly get     vary: 'Accept',
622 silly get     'content-length': '0',
622 silly get     'keep-alive': 'timeout=10, max=45',
622 silly get     connection: 'Keep-Alive' } ]
623 verbose etag https://registry.npmjs.org/bower-config from cache
624 silly mapToRegistry name passport-strategy
625 silly mapToRegistry using default registry
626 silly mapToRegistry registry https://registry.npmjs.org/
627 silly mapToRegistry uri https://registry.npmjs.org/passport-strategy
628 verbose request uri https://registry.npmjs.org/passport-strategy
629 verbose request no auth needed
630 info attempt registry request try #1 at 17:46:35
631 verbose etag "86NTGKO8MTGHBQOARWCJ7H48L"
632 http request GET https://registry.npmjs.org/passport-strategy
633 silly mapToRegistry name asap
634 silly mapToRegistry using default registry
635 silly mapToRegistry registry https://registry.npmjs.org/
636 silly mapToRegistry uri https://registry.npmjs.org/asap
637 verbose request uri https://registry.npmjs.org/asap
638 verbose request no auth needed
639 info attempt registry request try #1 at 17:46:35
640 verbose etag "6B8IPPDZANLW5Q4WWFN8NFDLI"
641 http request GET https://registry.npmjs.org/asap
642 silly mapToRegistry name graceful-fs
643 silly mapToRegistry using default registry
644 silly mapToRegistry registry https://registry.npmjs.org/
645 silly mapToRegistry uri https://registry.npmjs.org/graceful-fs
646 silly mapToRegistry name mout
647 silly mapToRegistry using default registry
648 silly mapToRegistry registry https://registry.npmjs.org/
649 silly mapToRegistry uri https://registry.npmjs.org/mout
650 silly mapToRegistry name optimist
651 silly mapToRegistry using default registry
652 silly mapToRegistry registry https://registry.npmjs.org/
653 silly mapToRegistry uri https://registry.npmjs.org/optimist
654 silly mapToRegistry name osenv
655 silly mapToRegistry using default registry
656 silly mapToRegistry registry https://registry.npmjs.org/
657 silly mapToRegistry uri https://registry.npmjs.org/osenv
658 verbose request uri https://registry.npmjs.org/mout
659 verbose request no auth needed
660 info attempt registry request try #1 at 17:46:35
661 verbose etag "KJ9H4WS09HKUTCC6C7TPM0GW"
662 http request GET https://registry.npmjs.org/mout
663 verbose request uri https://registry.npmjs.org/osenv
664 verbose request no auth needed
665 info attempt registry request try #1 at 17:46:35
666 verbose etag "938IDTKGE2W2Y01RNP3I8LS1V"
667 http request GET https://registry.npmjs.org/osenv
668 verbose get https://registry.npmjs.org/graceful-fs not expired, no request
669 verbose request uri https://registry.npmjs.org/optimist
670 verbose request no auth needed
671 info attempt registry request try #1 at 17:46:35
672 verbose etag "7K21K48G8H95RHFYCMQAUC9XM"
673 http request GET https://registry.npmjs.org/optimist
674 http 304 https://registry.npmjs.org/grunt-uncss
675 silly get cb [ 304,
675 silly get   { date: 'Sun, 21 Dec 2014 16:46:34 GMT',
675 silly get     server: 'Apache',
675 silly get     via: '1.1 varnish',
675 silly get     'last-modified': 'Sun, 21 Dec 2014 16:46:35 GMT',
675 silly get     'cache-control': 'max-age=60',
675 silly get     etag: '"AOU1AA8YPBU9EN3LF3QA64XD0"',
675 silly get     age: '0',
675 silly get     'x-served-by': 'cache-ams4142-AMS',
675 silly get     'x-cache': 'HIT',
675 silly get     'x-cache-hits': '1',
675 silly get     'x-timer': 'S1419180394.718120,VS0,VE641',
675 silly get     vary: 'Accept',
675 silly get     'content-length': '0',
675 silly get     'keep-alive': 'timeout=10, max=47',
675 silly get     connection: 'Keep-Alive' } ]
676 verbose etag https://registry.npmjs.org/grunt-uncss from cache
677 http 304 https://registry.npmjs.org/async
678 silly get cb [ 304,
678 silly get   { date: 'Sun, 21 Dec 2014 16:46:35 GMT',
678 silly get     server: 'Apache',
678 silly get     via: '1.1 varnish',
678 silly get     'last-modified': 'Sun, 21 Dec 2014 16:46:14 GMT',
678 silly get     'cache-control': 'max-age=60',
678 silly get     etag: '"DZHJHZ4QLNQ9LLGCA95RSTN4B"',
678 silly get     age: '27',
678 silly get     'x-served-by': 'cache-ams4142-AMS',
678 silly get     'x-cache': 'HIT',
678 silly get     'x-cache-hits': '2',
678 silly get     'x-timer': 'S1419180395.364933,VS0,VE0',
678 silly get     vary: 'Accept',
678 silly get     'content-length': '0',
678 silly get     'keep-alive': 'timeout=10, max=46',
678 silly get     connection: 'Keep-Alive' } ]
679 verbose etag https://registry.npmjs.org/async from cache
680 http 304 https://registry.npmjs.org/colors
681 silly get cb [ 304,
681 silly get   { date: 'Sun, 21 Dec 2014 16:46:35 GMT',
681 silly get     server: 'Apache',
681 silly get     via: '1.1 varnish',
681 silly get     'last-modified': 'Sun, 21 Dec 2014 16:46:16 GMT',
681 silly get     'cache-control': 'max-age=60',
681 silly get     etag: '"8XJ0ABTCGLXIQU26PRPXENTL4"',
681 silly get     age: '58',
681 silly get     'x-served-by': 'cache-ams4142-AMS',
681 silly get     'x-cache': 'HIT',
681 silly get     'x-cache-hits': '2',
681 silly get     'x-timer': 'S1419180395.368829,VS0,VE0',
681 silly get     vary: 'Accept',
681 silly get     'content-length': '0',
681 silly get     'keep-alive': 'timeout=10, max=45',
681 silly get     connection: 'Keep-Alive' } ]
682 verbose etag https://registry.npmjs.org/colors from cache
683 http 304 https://registry.npmjs.org/coffee-script
684 silly get cb [ 304,
684 silly get   { date: 'Sun, 21 Dec 2014 16:46:35 GMT',
684 silly get     server: 'Apache',
684 silly get     via: '1.1 varnish',
684 silly get     'last-modified': 'Sun, 21 Dec 2014 16:45:35 GMT',
684 silly get     'cache-control': 'max-age=60',
684 silly get     etag: '"86FTQTDSZEBY3SWQI4LO60PM5"',
684 silly get     age: '60',
684 silly get     'x-served-by': 'cache-ams4142-AMS',
684 silly get     'x-cache': 'HIT',
684 silly get     'x-cache-hits': '2',
684 silly get     'x-timer': 'S1419180395.374462,VS0,VE0',
684 silly get     vary: 'Accept',
684 silly get     'content-length': '0',
684 silly get     'keep-alive': 'timeout=10, max=44',
684 silly get     connection: 'Keep-Alive' } ]
685 verbose etag https://registry.npmjs.org/coffee-script from cache
686 http 304 https://registry.npmjs.org/dateformat
687 silly get cb [ 304,
687 silly get   { date: 'Sun, 21 Dec 2014 16:46:35 GMT',
687 silly get     server: 'Apache',
687 silly get     via: '1.1 varnish',
687 silly get     'last-modified': 'Sun, 21 Dec 2014 16:46:35 GMT',
687 silly get     'cache-control': 'max-age=60',
687 silly get     etag: '"4W5PET3V1AFWTWJ4IFDG6OJ7K"',
687 silly get     age: '31',
687 silly get     'x-served-by': 'cache-ams4142-AMS',
687 silly get     'x-cache': 'HIT',
687 silly get     'x-cache-hits': '1',
687 silly get     'x-timer': 'S1419180395.379024,VS0,VE0',
687 silly get     vary: 'Accept',
687 silly get     'content-length': '0',
687 silly get     'keep-alive': 'timeout=10, max=43',
687 silly get     connection: 'Keep-Alive' } ]
688 verbose etag https://registry.npmjs.org/dateformat from cache
689 http 304 https://registry.npmjs.org/eventemitter2
690 silly get cb [ 304,
690 silly get   { date: 'Sun, 21 Dec 2014 16:46:35 GMT',
690 silly get     server: 'Apache',
690 silly get     via: '1.1 varnish',
690 silly get     'last-modified': 'Sun, 21 Dec 2014 16:46:35 GMT',
690 silly get     'cache-control': 'max-age=60',
690 silly get     etag: '"1SG1DZMNJJ8P6PZZO3XOJ2H04"',
690 silly get     age: '23',
690 silly get     'x-served-by': 'cache-ams4142-AMS',
690 silly get     'x-cache': 'HIT',
690 silly get     'x-cache-hits': '1',
690 silly get     'x-timer': 'S1419180395.385435,VS0,VE0',
690 silly get     vary: 'Accept',
690 silly get     'content-length': '0',
690 silly get     'keep-alive': 'timeout=10, max=42',
690 silly get     connection: 'Keep-Alive' } ]
691 verbose etag https://registry.npmjs.org/eventemitter2 from cache
692 http 304 https://registry.npmjs.org/handlebars
693 silly get cb [ 304,
693 silly get   { date: 'Sun, 21 Dec 2014 16:46:35 GMT',
693 silly get     server: 'Apache',
693 silly get     via: '1.1 varnish',
693 silly get     'last-modified': 'Sun, 21 Dec 2014 16:46:35 GMT',
693 silly get     'cache-control': 'max-age=60',
693 silly get     etag: '"AJQPXX45KN64EMGISYUIVAQHQ"',
693 silly get     age: '0',
693 silly get     'x-served-by': 'cache-fra1232-FRA',
693 silly get     'x-cache': 'HIT',
693 silly get     'x-cache-hits': '1',
693 silly get     'x-timer': 'S1419180395.282386,VS0,VE102',
693 silly get     vary: 'Accept',
693 silly get     'content-length': '0',
693 silly get     'keep-alive': 'timeout=10, max=31',
693 silly get     connection: 'Keep-Alive' } ]
694 verbose etag https://registry.npmjs.org/handlebars from cache
695 http 304 https://registry.npmjs.org/findup-sync
696 silly get cb [ 304,
696 silly get   { date: 'Sun, 21 Dec 2014 16:46:35 GMT',
696 silly get     server: 'Apache',
696 silly get     via: '1.1 varnish',
696 silly get     'last-modified': 'Sun, 21 Dec 2014 16:46:35 GMT',
696 silly get     'cache-control': 'max-age=60',
696 silly get     etag: '"7SK3XHMSZ021VY44AENWM85O8"',
696 silly get     age: '8',
696 silly get     'x-served-by': 'cache-ams4142-AMS',
696 silly get     'x-cache': 'HIT',
696 silly get     'x-cache-hits': '1',
696 silly get     'x-timer': 'S1419180395.390010,VS0,VE0',
696 silly get     vary: 'Accept',
696 silly get     'content-length': '0',
696 silly get     'keep-alive': 'timeout=10, max=41',
696 silly get     connection: 'Keep-Alive' } ]
697 verbose etag https://registry.npmjs.org/findup-sync from cache
698 http 304 https://registry.npmjs.org/hooker
699 silly get cb [ 304,
699 silly get   { date: 'Sun, 21 Dec 2014 16:46:35 GMT',
699 silly get     server: 'Apache',
699 silly get     via: '1.1 varnish',
699 silly get     'last-modified': 'Sun, 21 Dec 2014 16:46:35 GMT',
699 silly get     'cache-control': 'max-age=60',
699 silly get     etag: '"3W6Z69KPD2QT28LPKI5AT8P77"',
699 silly get     age: '50',
699 silly get     'x-served-by': 'cache-ams4142-AMS',
699 silly get     'x-cache': 'HIT',
699 silly get     'x-cache-hits': '1',
699 silly get     'x-timer': 'S1419180395.394788,VS0,VE0',
699 silly get     vary: 'Accept',
699 silly get     'content-length': '0',
699 silly get     'keep-alive': 'timeout=10, max=40',
699 silly get     connection: 'Keep-Alive' } ]
700 verbose etag https://registry.npmjs.org/hooker from cache
701 http 304 https://registry.npmjs.org/glob
702 silly get cb [ 304,
702 silly get   { date: 'Sun, 21 Dec 2014 16:46:35 GMT',
702 silly get     server: 'Apache',
702 silly get     via: '1.1 varnish',
702 silly get     'last-modified': 'Sun, 21 Dec 2014 16:46:08 GMT',
702 silly get     'cache-control': 'max-age=60',
702 silly get     etag: '"D3WSLDXX0BQ3B9BH4DGV9I6UW"',
702 silly get     age: '40',
702 silly get     'x-served-by': 'cache-fra1232-FRA',
702 silly get     'x-cache': 'HIT',
702 silly get     'x-cache-hits': '3',
702 silly get     'x-timer': 'S1419180395.396635,VS0,VE0',
702 silly get     vary: 'Accept',
702 silly get     'content-length': '0',
702 silly get     'keep-alive': 'timeout=10, max=30',
702 silly get     connection: 'Keep-Alive' } ]
703 verbose etag https://registry.npmjs.org/glob from cache
704 http 304 https://registry.npmjs.org/iconv-lite
705 silly get cb [ 304,
705 silly get   { date: 'Sun, 21 Dec 2014 16:46:35 GMT',
705 silly get     server: 'Apache',
705 silly get     via: '1.1 varnish',
705 silly get     'last-modified': 'Sun, 21 Dec 2014 16:46:35 GMT',
705 silly get     'cache-control': 'max-age=60',
705 silly get     etag: '"F4WIQGQ6FXOGTS7WQ8KATULY2"',
705 silly get     age: '33',
705 silly get     'x-served-by': 'cache-ams4142-AMS',
705 silly get     'x-cache': 'HIT',
705 silly get     'x-cache-hits': '1',
705 silly get     'x-timer': 'S1419180395.406528,VS0,VE0',
705 silly get     vary: 'Accept',
705 silly get     'content-length': '0',
705 silly get     'keep-alive': 'timeout=10, max=39',
705 silly get     connection: 'Keep-Alive' } ]
706 verbose etag https://registry.npmjs.org/iconv-lite from cache
707 verbose type called_on_non_object
708 verbose stack TypeError: Object.keys called on non-object
708 verbose stack     at Function.keys (native)
708 verbose stack     at unmarkExtraneous (/usr/lib/node_modules/npm/node_modules/read-installed/read-installed.js:362:10)
708 verbose stack     at /usr/lib/node_modules/npm/node_modules/read-installed/read-installed.js:137:5
708 verbose stack     at next (/usr/lib/node_modules/npm/node_modules/read-installed/read-installed.js:185:14)
708 verbose stack     at /usr/lib/node_modules/npm/node_modules/read-installed/read-installed.js:169:14
708 verbose stack     at Object.oncomplete (evalmachine.<anonymous>:107:15)
709 verbose cwd /home/jazzcoder/Sites/jesseeikema
710 error Linux 3.13.0-40-generic
711 error argv "node" "/usr/bin/npm" "update"
712 error node v0.10.33
713 error npm  v2.1.14
714 error Object.keys called on non-object
715 error If you need help, you may report this error at:
715 error     <http://github.com/npm/npm/issues>
716 verbose exit [ 1, true ]
